Using pre-set license
Built from '2020.3/staging' branch; Version is '2020.3.0f1 (c7b5465681fb) revision 13088070'; Using compiler version '192528614'; Build Type 'Release'
OS: 'Windows 10 Home; OS build 19041.928; Version 2004; 64bit' Language: 'en' Physical Memory: 8048 MB
BatchMode: 1, IsHumanControllingUs: 0, StartBugReporterOnCrash: 0, Is64bit: 1, IsPro: 0

 COMMAND LINE ARGUMENTS:
C:\Users\rondayvoo\Documents\Unity\2020.3.0f1\Editor\Unity.exe
-adb2
-batchMode
-noUpm
-name
AssetImportWorker0
-projectPath
C:/Users/rondayvoo/Documents/Unity/3Dshoot
-logFile
Logs/AssetImportWorker0.log
-srvPort
65304
Successfully changed project path to: C:/Users/rondayvoo/Documents/Unity/3Dshoot
C:/Users/rondayvoo/Documents/Unity/3Dshoot
Using Asset Import Pipeline V2.
Refreshing native plugins compatible for Editor in 51.36 ms, found 0 plugins.
Preloading 0 native plugins for Editor in 0.00 ms.
Initialize engine version: 2020.3.0f1 (c7b5465681fb)
[Subsystems] Discovering subsystems at path C:/Users/rondayvoo/Documents/Unity/2020.3.0f1/Editor/Data/Resources/UnitySubsystems
[Subsystems] Discovering subsystems at path C:/Users/rondayvoo/Documents/Unity/3Dshoot/Assets
GfxDevice: creating device client; threaded=0
Direct3D:
    Version:  Direct3D 11.0 [level 11.1]
    Renderer: NVIDIA GeForce MX150 (ID=0x1d10)
    Vendor:   
    VRAM:     1983 MB
    Driver:   27.21.14.5638
Initialize mono
Mono path[0] = 'C:/Users/rondayvoo/Documents/Unity/2020.3.0f1/Editor/Data/Managed'
Mono path[1] = 'C:/Users/rondayvoo/Documents/Unity/2020.3.0f1/Editor/Data/MonoBleedingEdge/lib/mono/unityjit'
Mono config path = 'C:/Users/rondayvoo/Documents/Unity/2020.3.0f1/Editor/Data/MonoBleedingEdge/etc'
Using monoOptions --debugger-agent=transport=dt_socket,embedding=1,server=y,suspend=n,address=127.0.0.1:56304
Begin MonoManager ReloadAssembly
Registering precompiled unity dll's ...
Register platform support module: C:/Users/rondayvoo/Documents/Unity/2020.3.0f1/Editor/Data/PlaybackEngines/WindowsStandaloneSupport/UnityEditor.WindowsStandalone.Extensions.dll
Registered in 0.002436 seconds.
Native extension for WindowsStandalone target not found
Refreshing native plugins compatible for Editor in 91.20 ms, found 0 plugins.
Preloading 0 native plugins for Editor in 0.00 ms.
Invoked RoslynAnalysisRunner static constructor.
RoslynAnalysisRunner will not be running.
RoslynAnalysisRunner has terminated.
Mono: successfully reloaded assembly
- Completed reload, in  1.520 seconds
Platform modules already initialized, skipping
Registering precompiled user dll's ...
Registered in 0.001649 seconds.
Begin MonoManager ReloadAssembly
Native extension for WindowsStandalone target not found
Refreshing native plugins compatible for Editor in 53.18 ms, found 0 plugins.
Preloading 0 native plugins for Editor in 0.00 ms.
Invoked RoslynAnalysisRunner static constructor.
RoslynAnalysisRunner will not be running.
RoslynAnalysisRunner has terminated.
Mono: successfully reloaded assembly
- Completed reload, in  1.356 seconds
Platform modules already initialized, skipping
========================================================================
Worker process is ready to serve import requests
Launched and connected shader compiler UnityShaderCompiler.exe after 0.05 seconds
Refreshing native plugins compatible for Editor in 0.48 ms, found 0 plugins.
Preloading 0 native plugins for Editor in 0.00 ms.
Unloading 2534 Unused Serialized files (Serialized files now loaded: 0)
System memory in use before: 182.3 MB.
System memory in use after: 182.4 MB.

Unloading 82 unused Assets to reduce memory usage. Loaded Objects now: 2982.
Total: 3.010000 ms (FindLiveObjects: 0.341800 ms CreateObjectMapping: 0.134700 ms MarkObjects: 2.333600 ms  DeleteObjects: 0.198400 ms)

========================================================================
Received Import Request.
  path: Assets/Prefabs/ScriptableWeaponObjects/InitPlayer.asset
  artifactKey: Guid(d23fe432b50b38548a6ff5d7b15a7420) Importer(815301076,1909f56bfc062723c751e8b465ee728b)
Start importing Assets/Prefabs/ScriptableWeaponObjects/InitPlayer.asset using Guid(d23fe432b50b38548a6ff5d7b15a7420) Importer(815301076,1909f56bfc062723c751e8b465ee728b)  -> (artifact id: '1ffde2268824d616d191b454c0dc3295') in 0.161202 seconds
  Import took 0.167625 seconds .

========================================================================
Received Import Request.
  Time since last request: 3.191598 seconds.
  path: Assets/Scripts/Scriptable Objects/EnemyScriptableObject.cs
  artifactKey: Guid(3d3d8a86ddbfc0941853789f29bee516) Importer(815301076,1909f56bfc062723c751e8b465ee728b)
Start importing Assets/Scripts/Scriptable Objects/EnemyScriptableObject.cs using Guid(3d3d8a86ddbfc0941853789f29bee516) Importer(815301076,1909f56bfc062723c751e8b465ee728b)  -> (artifact id: '5403d695167b7ccb41f23b520b2becee') in 0.017190 seconds
  Import took 0.022585 seconds .

========================================================================
Received Import Request.
  Time since last request: 0.381395 seconds.
  path: Assets/Scripts/Scriptable Objects/PlayerScriptableObject.cs
  artifactKey: Guid(eb3ae4a16f87164418597bb1c131861a) Importer(815301076,1909f56bfc062723c751e8b465ee728b)
Start importing Assets/Scripts/Scriptable Objects/PlayerScriptableObject.cs using Guid(eb3ae4a16f87164418597bb1c131861a) Importer(815301076,1909f56bfc062723c751e8b465ee728b)  -> (artifact id: 'd00c14bf90c362dac9cc89ccbfda0525') in 0.007520 seconds
  Import took 0.012744 seconds .

========================================================================
Received Prepare
Registering precompiled user dll's ...
Registered in 0.001641 seconds.
Begin MonoManager ReloadAssembly
Native extension for WindowsStandalone target not found
Refreshing native plugins compatible for Editor in 0.48 ms, found 0 plugins.
Preloading 0 native plugins for Editor in 0.00 ms.
Warning: Annotation not found!
UnityEngine.StackTraceUtility:ExtractStackTrace ()
UnityEditor.ProBuilder.EditorUtility:SetGizmoIconEnabled (System.Type,bool) (at Library/PackageCache/com.unity.probuilder@4.5.0/Editor/EditorCore/EditorUtility.cs:593)
UnityEditor.ProBuilder.HierarchyListener:.cctor () (at Library/PackageCache/com.unity.probuilder@4.5.0/Editor/EditorCore/HierarchyListener.cs:21)
System.Runtime.CompilerServices.RuntimeHelpers:RunClassConstructor (System.RuntimeTypeHandle)
UnityEditor.EditorAssemblies:ProcessInitializeOnLoadAttributes (System.Type[])

[Library/PackageCache/com.unity.probuilder@4.5.0/Editor/EditorCore/EditorUtility.cs line 593]

Invoked RoslynAnalysisRunner static constructor.
RoslynAnalysisRunner will not be running.
RoslynAnalysisRunner has terminated.
Mono: successfully reloaded assembly
- Completed reload, in  1.133 seconds
Platform modules already initialized, skipping
Refreshing native plugins compatible for Editor in 0.52 ms, found 0 plugins.
Preloading 0 native plugins for Editor in 0.00 ms.
Unloading 2452 Unused Serialized files (Serialized files now loaded: 0)
System memory in use before: 176.3 MB.
System memory in use after: 176.4 MB.

Unloading 7 unused Assets to reduce memory usage. Loaded Objects now: 2986.
Total: 3.810500 ms (FindLiveObjects: 0.588000 ms CreateObjectMapping: 0.212300 ms MarkObjects: 2.904300 ms  DeleteObjects: 0.103600 ms)

